<?xml version="1.0" encoding="UTF-8"?>
<!-- Generated by org.testng.reporters.JUnitReportReporter -->
<testsuite hostname="shakils-Air.lan" failures="0" tests="2" name="Test.testing" time="0.021" errors="0" timestamp="05 Oct 2022 20:16:12 GMT" skipped="0">
  <testcase classname="Test.testing" name="Test2" time="0.019"/>
  <testcase classname="Test.testing" name="Test1" time="0.002"/>
</testsuite> <!-- Test.testing -->
