<?xml version="1.0" encoding="UTF-8"?>
<!-- Generated by org.testng.reporters.JUnitReportReporter -->
<testsuite hostname="shakils-Air.lan" failures="0" tests="1" name="Test.testing2" time="0.018" errors="0" timestamp="07 Oct 2022 20:45:37 GMT" skipped="0">
  <testcase classname="Test.testing2" name="validateTitles" time="0.018"/>
</testsuite> <!-- Test.testing2 -->
